This is pdfTeX, Version 3.14159265-2.6-1.40.20 (TeX Live 2019) (preloaded format=pdflatex 2020.3.9)  21 FEB 2021 15:28
entering extended mode
 restricted \write18 enabled.
 %&-line parsing enabled.
**Lab3_report.tex
(./Lab3_report.tex
LaTeX2e <2018-12-01>
(/usr/local/texlive/2019/texmf-dist/tex/latex/base/book.cls
Document Class: book 2018/09/03 v1.4i Standard LaTeX document class
(/usr/local/texlive/2019/texmf-dist/tex/latex/base/bk10.clo
File: bk10.clo 2018/09/03 v1.4i Standard LaTeX file (size option)
)
\c@part=\count80
\c@chapter=\count81
\c@section=\count82
\c@subsection=\count83
\c@subsubsection=\count84
\c@paragraph=\count85
\c@subparagraph=\count86
\c@figure=\count87
\c@table=\count88
\abovecaptionskip=\skip41
\belowcaptionskip=\skip42
\bibindent=\dimen102
)
(/usr/local/texlive/2019/texmf-dist/tex/generic/babel/babel.sty
Package: babel 2019/05/04 3.31 The Babel package

(/usr/local/texlive/2019/texmf-dist/tex/generic/babel/switch.def
File: switch.def 2019/05/04 3.31 Babel switching mechanism
)
(/usr/local/texlive/2019/texmf-dist/tex/generic/babel-english/english.ldf
Language: english 2017/06/06 v3.3r English support from the babel system

(/usr/local/texlive/2019/texmf-dist/tex/generic/babel/babel.def
File: babel.def 2019/05/04 3.31 Babel common definitions
\babel@savecnt=\count89
\U@D=\dimen103

(/usr/local/texlive/2019/texmf-dist/tex/generic/babel/txtbabel.def)
\bbl@dirlevel=\count90
)
\l@canadian = a dialect from \language\l@american 
\l@australian = a dialect from \language\l@british 
\l@newzealand = a dialect from \language\l@british 
))
(/usr/local/texlive/2019/texmf-dist/tex/latex/fancyhdr/fancyhdr.sty
Package: fancyhdr 2019/01/31 v3.10 Extensive control of page headers and footer
s
\f@nch@headwidth=\skip43
\f@nch@O@elh=\skip44
\f@nch@O@erh=\skip45
\f@nch@O@olh=\skip46
\f@nch@O@orh=\skip47
\f@nch@O@elf=\skip48
\f@nch@O@erf=\skip49
\f@nch@O@olf=\skip50
\f@nch@O@orf=\skip51
)
(/usr/local/texlive/2019/texmf-dist/tex/latex/base/makeidx.sty
Package: makeidx 2014/09/29 v1.0m Standard LaTeX package
) (./titlesec.sty
Package: titlesec 2001/01/23 v2.4 Sectioning titles
\ttl@box=\box27
\titlewidth=\dimen104
(./titlesec.new *** titlesec 2.4, loading patch level 2 ***))
(/usr/local/texlive/2019/texmf-dist/tex/latex/listings/listings.sty
(/usr/local/texlive/2019/texmf-dist/tex/latex/graphics/keyval.sty
Package: keyval 2014/10/28 v1.15 key=value parser (DPC)
\KV@toks@=\toks14
)
\lst@mode=\count91
\lst@gtempboxa=\box28
\lst@token=\toks15
\lst@length=\count92
\lst@currlwidth=\dimen105
\lst@column=\count93
\lst@pos=\count94
\lst@lostspace=\dimen106
\lst@width=\dimen107
\lst@newlines=\count95
\lst@lineno=\count96
\lst@maxwidth=\dimen108

(/usr/local/texlive/2019/texmf-dist/tex/latex/listings/lstmisc.sty
File: lstmisc.sty 2019/02/27 1.8b (Carsten Heinz)
\c@lstnumber=\count97
\lst@skipnumbers=\count98
\lst@framebox=\box29
)
(/usr/local/texlive/2019/texmf-dist/tex/latex/listings/listings.cfg
File: listings.cfg 2019/02/27 1.8b listings configuration
))
Package: listings 2019/02/27 1.8b (Carsten Heinz)

(/usr/local/texlive/2019/texmf-dist/tex/latex/graphics/graphicx.sty
Package: graphicx 2017/06/01 v1.1a Enhanced LaTeX Graphics (DPC,SPQR)

(/usr/local/texlive/2019/texmf-dist/tex/latex/graphics/graphics.sty
Package: graphics 2017/06/25 v1.2c Standard LaTeX Graphics (DPC,SPQR)

(/usr/local/texlive/2019/texmf-dist/tex/latex/graphics/trig.sty
Package: trig 2016/01/03 v1.10 sin cos tan (DPC)
)
(/usr/local/texlive/2019/texmf-dist/tex/latex/graphics-cfg/graphics.cfg
File: graphics.cfg 2016/06/04 v1.11 sample graphics configuration
)
Package graphics Info: Driver file: pdftex.def on input line 99.

(/usr/local/texlive/2019/texmf-dist/tex/latex/graphics-def/pdftex.def
File: pdftex.def 2018/01/08 v1.0l Graphics/color driver for pdftex
))
\Gin@req@height=\dimen109
\Gin@req@width=\dimen110
)
(/usr/local/texlive/2019/texmf-dist/tex/latex/amsmath/amsmath.sty
Package: amsmath 2018/12/01 v2.17b AMS math features
\@mathmargin=\skip52

For additional information on amsmath, use the `?' option.
(/usr/local/texlive/2019/texmf-dist/tex/latex/amsmath/amstext.sty
Package: amstext 2000/06/29 v2.01 AMS text

(/usr/local/texlive/2019/texmf-dist/tex/latex/amsmath/amsgen.sty
File: amsgen.sty 1999/11/30 v2.0 generic functions
\@emptytoks=\toks16
\ex@=\dimen111
))
(/usr/local/texlive/2019/texmf-dist/tex/latex/amsmath/amsbsy.sty
Package: amsbsy 1999/11/29 v1.2d Bold Symbols
\pmbraise@=\dimen112
)
(/usr/local/texlive/2019/texmf-dist/tex/latex/amsmath/amsopn.sty
Package: amsopn 2016/03/08 v2.02 operator names
)
\inf@bad=\count99
LaTeX Info: Redefining \frac on input line 223.
\uproot@=\count100
\leftroot@=\count101
LaTeX Info: Redefining \overline on input line 385.
\classnum@=\count102
\DOTSCASE@=\count103
LaTeX Info: Redefining \ldots on input line 482.
LaTeX Info: Redefining \dots on input line 485.
LaTeX Info: Redefining \cdots on input line 606.
\Mathstrutbox@=\box30
\strutbox@=\box31
\big@size=\dimen113
LaTeX Font Info:    Redeclaring font encoding OML on input line 729.
LaTeX Font Info:    Redeclaring font encoding OMS on input line 730.
\macc@depth=\count104
\c@MaxMatrixCols=\count105
\dotsspace@=\muskip10
\c@parentequation=\count106
\dspbrk@lvl=\count107
\tag@help=\toks17
\row@=\count108
\column@=\count109
\maxfields@=\count110
\andhelp@=\toks18
\eqnshift@=\dimen114
\alignsep@=\dimen115
\tagshift@=\dimen116
\tagwidth@=\dimen117
\totwidth@=\dimen118
\lineht@=\dimen119
\@envbody=\toks19
\multlinegap=\skip53
\multlinetaggap=\skip54
\mathdisplay@stack=\toks20
LaTeX Info: Redefining \[ on input line 2844.
LaTeX Info: Redefining \] on input line 2845.
)
(/usr/local/texlive/2019/texmf-dist/tex/latex/amsfonts/amsfonts.sty
Package: amsfonts 2013/01/14 v3.01 Basic AMSFonts support
\symAMSa=\mathgroup4
\symAMSb=\mathgroup5
LaTeX Font Info:    Overwriting math alphabet `\mathfrak' in version `bold'
(Font)                  U/euf/m/n --> U/euf/b/n on input line 106.
)
(/usr/local/texlive/2019/texmf-dist/tex/latex/amscls/amsthm.sty
Package: amsthm 2017/10/31 v2.20.4
\thm@style=\toks21
\thm@bodyfont=\toks22
\thm@headfont=\toks23
\thm@notefont=\toks24
\thm@headpunct=\toks25
\thm@preskip=\skip55
\thm@postskip=\skip56
\thm@headsep=\skip57
\dth@everypar=\toks26
)
(/usr/local/texlive/2019/texmf-dist/tex/latex/amsfonts/amssymb.sty
Package: amssymb 2013/01/14 v3.01 AMS font symbols
)
\@indexfile=\write3
\openout3 = `Lab3_report.idx'.


Writing index file Lab3_report.idx

LaTeX Warning: Unused global option(s):
    [makeidx].

(./Lab3_report.aux

LaTeX Warning: Label `fig4.2' multiply defined.


LaTeX Warning: Label `fig5.6' multiply defined.

)
\openout1 = `Lab3_report.aux'.

LaTeX Font Info:    Checking defaults for OML/cmm/m/it on input line 59.
LaTeX Font Info:    ... okay on input line 59.
LaTeX Font Info:    Checking defaults for T1/cmr/m/n on input line 59.
LaTeX Font Info:    ... okay on input line 59.
LaTeX Font Info:    Checking defaults for OT1/cmr/m/n on input line 59.
LaTeX Font Info:    ... okay on input line 59.
LaTeX Font Info:    Checking defaults for OMS/cmsy/m/n on input line 59.
LaTeX Font Info:    ... okay on input line 59.
LaTeX Font Info:    Checking defaults for OMX/cmex/m/n on input line 59.
LaTeX Font Info:    ... okay on input line 59.
LaTeX Font Info:    Checking defaults for U/cmr/m/n on input line 59.
LaTeX Font Info:    ... okay on input line 59.
\c@lstlisting=\count111
 (/usr/local/texlive/2019/texmf-dist/tex/context/base/mkii/supp-pdf.mkii
[Loading MPS to PDF converter (version 2006.09.02).]
\scratchcounter=\count112
\scratchdimen=\dimen120
\scratchbox=\box32
\nofMPsegments=\count113
\nofMParguments=\count114
\everyMPshowfont=\toks27
\MPscratchCnt=\count115
\MPscratchDim=\dimen121
\MPnumerator=\count116
\makeMPintoPDFobject=\count117
\everyMPtoPDFconversion=\toks28
) (/usr/local/texlive/2019/texmf-dist/tex/latex/oberdiek/epstopdf-base.sty
Package: epstopdf-base 2016/05/15 v2.6 Base part for package epstopdf

(/usr/local/texlive/2019/texmf-dist/tex/generic/oberdiek/infwarerr.sty
Package: infwarerr 2016/05/16 v1.4 Providing info/warning/error messages (HO)
)
(/usr/local/texlive/2019/texmf-dist/tex/latex/oberdiek/grfext.sty
Package: grfext 2016/05/16 v1.2 Manage graphics extensions (HO)

(/usr/local/texlive/2019/texmf-dist/tex/generic/oberdiek/kvdefinekeys.sty
Package: kvdefinekeys 2016/05/16 v1.4 Define keys (HO)

(/usr/local/texlive/2019/texmf-dist/tex/generic/oberdiek/ltxcmds.sty
Package: ltxcmds 2016/05/16 v1.23 LaTeX kernel commands for general use (HO)
)))
(/usr/local/texlive/2019/texmf-dist/tex/latex/oberdiek/kvoptions.sty
Package: kvoptions 2016/05/16 v3.12 Key value format for package options (HO)

(/usr/local/texlive/2019/texmf-dist/tex/generic/oberdiek/kvsetkeys.sty
Package: kvsetkeys 2016/05/16 v1.17 Key value parser (HO)

(/usr/local/texlive/2019/texmf-dist/tex/generic/oberdiek/etexcmds.sty
Package: etexcmds 2016/05/16 v1.6 Avoid name clashes with e-TeX commands (HO)

(/usr/local/texlive/2019/texmf-dist/tex/generic/oberdiek/ifluatex.sty
Package: ifluatex 2016/05/16 v1.4 Provides the ifluatex switch (HO)
Package ifluatex Info: LuaTeX not detected.
))))
(/usr/local/texlive/2019/texmf-dist/tex/generic/oberdiek/pdftexcmds.sty
Package: pdftexcmds 2018/09/10 v0.29 Utility functions of pdfTeX for LuaTeX (HO
)

(/usr/local/texlive/2019/texmf-dist/tex/generic/oberdiek/ifpdf.sty
Package: ifpdf 2018/09/07 v3.3 Provides the ifpdf switch
)
Package pdftexcmds Info: LuaTeX not detected.
Package pdftexcmds Info: \pdf@primitive is available.
Package pdftexcmds Info: \pdf@ifprimitive is available.
Package pdftexcmds Info: \pdfdraftmode found.
)
Package epstopdf-base Info: Redefining graphics rule for `.eps' on input line 4
38.
Package grfext Info: Graphics extension search list:
(grfext)             [.pdf,.png,.jpg,.mps,.jpeg,.jbig2,.jb2,.PDF,.PNG,.JPG,.JPE
G,.JBIG2,.JB2,.eps]
(grfext)             \AppendGraphicsExtensions on input line 456.

(/usr/local/texlive/2019/texmf-dist/tex/latex/latexconfig/epstopdf-sys.cfg
File: epstopdf-sys.cfg 2010/07/13 v1.3 Configuration of (r)epstopdf for TeX Liv
e
))
<./logopoli.jpg, id=1, 573.8238pt x 565.1514pt>
File: ./logopoli.jpg Graphic file (type jpg)
<use ./logopoli.jpg>
Package pdftex.def Info: ./logopoli.jpg  used on input line 64.
(pdftex.def)             Requested size: 56.9055pt x 56.04414pt.

[1



{/usr/local/texlive/2019/texmf-var/fonts/map/pdftex/updmap/pdftex.map} <./logop
oli.jpg>] (./Lab3_report.toc
LaTeX Font Info:    Try loading font information for U+msa on input line 4.

(/usr/local/texlive/2019/texmf-dist/tex/latex/amsfonts/umsa.fd
File: umsa.fd 2013/01/14 v3.01 AMS symbols A
)
LaTeX Font Info:    Try loading font information for U+msb on input line 4.

(/usr/local/texlive/2019/texmf-dist/tex/latex/amsfonts/umsb.fd
File: umsb.fd 2013/01/14 v3.01 AMS symbols B
))
\tf@toc=\write4
\openout4 = `Lab3_report.toc'.

 [1

]
(/usr/local/texlive/2019/texmf-dist/tex/latex/listings/lstlang1.sty
File: lstlang1.sty 2019/02/27 1.8b listings language file
)
(./cap/cap1_Intro.tex
Chapter 1.

Underfull \hbox (badness 10000) in paragraph at lines 3--12

 []

) (./cap/cap2_Datapath.tex [1


]
Chapter 2.
<./images/structure.png, id=19, 699.36281pt x 395.22656pt>
File: ./images/structure.png Graphic file (type png)
<use ./images/structure.png>
Package pdftex.def Info: ./images/structure.png  used on input line 6.
(pdftex.def)             Requested size: 512.1496pt x 289.44774pt.

Overfull \hbox (71.13188pt too wide) in paragraph at lines 6--7
 [][] 
 []

<./images/VHDL_structure.png, id=21, 412.54124pt x 185.19188pt>
File: ./images/VHDL_structure.png Graphic file (type png)
<use ./images/VHDL_structure.png>
Package pdftex.def Info: ./images/VHDL_structure.png  used on input line 18.
(pdftex.def)             Requested size: 426.79134pt x 191.59183pt.

Underfull \hbox (badness 10000) in paragraph at lines 2--23

 []

[2

 <./images/structure.png>]
<./images/CSEA.png, id=26, 453.19313pt x 365.86688pt>
File: ./images/CSEA.png Graphic file (type png)
<use ./images/CSEA.png>
Package pdftex.def Info: ./images/CSEA.png  used on input line 26.
(pdftex.def)             Requested size: 284.52756pt x 229.69902pt.
 [3 <./images/VHDL_structure.png> <./images/CSEA.png>]
LaTeX Font Info:    Try loading font information for OMS+cmr on input line 39.
 (/usr/local/texlive/2019/texmf-dist/tex/latex/base/omscmr.fd
File: omscmr.fd 2014/09/29 v2.5h Standard LaTeX font definitions
)
LaTeX Font Info:    Font shape `OMS/cmr/m/n' in size <10> not available
(Font)              Font shape `OMS/cmsy/m/n' tried instead on input line 39.
<./images/immediate_gen.png, id=33, 688.82344pt x 258.21469pt>
File: ./images/immediate_gen.png Graphic file (type png)
<use ./images/immediate_gen.png>
Package pdftex.def Info: ./images/immediate_gen.png  used on input line 53.
(pdftex.def)             Requested size: 284.52756pt x 106.65671pt.

Underfull \hbox (badness 10000) in paragraph at lines 60--62

 []


Underfull \hbox (badness 10000) in paragraph at lines 63--65

 []

[4 <./images/immediate_gen.png>]) (./cap/cap3_Control_unit.tex [5]
Chapter 3.
<./images/structure_CU.jpg, id=43, 600.74437pt x 306.39468pt>
File: ./images/structure_CU.jpg Graphic file (type jpg)
<use ./images/structure_CU.jpg>
Package pdftex.def Info: ./images/structure_CU.jpg  used on input line 8.
(pdftex.def)             Requested size: 341.43306pt x 174.14186pt.

Underfull \hbox (badness 10000) in paragraph at lines 2--12

 []

<./images/control_signals.jpg, id=44, 1205.50375pt x 1210.5225pt>
File: ./images/control_signals.jpg Graphic file (type jpg)
<use ./images/control_signals.jpg>
Package pdftex.def Info: ./images/control_signals.jpg  used on input line 19.
(pdftex.def)             Requested size: 455.24408pt x 457.12184pt.

Overfull \hbox (14.22636pt too wide) in paragraph at lines 19--20
 [][] 
 []


Underfull \hbox (badness 10000) in paragraph at lines 14--24

 []


LaTeX Warning: `!h' float specifier changed to `!ht'.

[6

 <./images/structure_CU.jpg>]
Underfull \hbox (badness 10000) in paragraph at lines 36--39

 []


Underfull \hbox (badness 10000) in paragraph at lines 36--39

 []

[7 <./images/control_signals.jpg>]
Underfull \hbox (badness 10000) in paragraph at lines 62--66

 []


Underfull \hbox (badness 10000) in paragraph at lines 62--66

 []


Underfull \hbox (badness 10000) in paragraph at lines 62--66

 []

[8]) (./cap/cap4_Testbench.tex [9]
Chapter 4.
<./images/Testbench.png, id=58, 487.8225pt x 309.40594pt>
File: ./images/Testbench.png Graphic file (type png)
<use ./images/Testbench.png>
Package pdftex.def Info: ./images/Testbench.png  used on input line 4.
(pdftex.def)             Requested size: 284.52756pt x 180.4659pt.

Underfull \hbox (badness 10000) in paragraph at lines 13--16

 []


Underfull \hbox (badness 10000) in paragraph at lines 19--21

 []

[10

 <./images/Testbench.png>]
<./images/Imem.png, id=63, 594.72188pt x 187.45032pt>
File: ./images/Imem.png Graphic file (type png)
<use ./images/Imem.png>
Package pdftex.def Info: ./images/Imem.png  used on input line 27.
(pdftex.def)             Requested size: 512.1496pt x 161.43294pt.

Overfull \hbox (71.13188pt too wide) in paragraph at lines 27--28
 [][] 
 []

[11 <./images/Imem.png>]
Underfull \hbox (badness 10000) in paragraph at lines 35--37

 []


Underfull \hbox (badness 10000) in paragraph at lines 35--37

 []


Underfull \hbox (badness 10000) in paragraph at lines 35--37

 []

<./images/TB_ABSV_waves.jpg, id=69, 944.7797pt x 613.54219pt>
File: ./images/TB_ABSV_waves.jpg Graphic file (type jpg)
<use ./images/TB_ABSV_waves.jpg>
Package pdftex.def Info: ./images/TB_ABSV_waves.jpg  used on input line 40.
(pdftex.def)             Requested size: 512.1496pt x 332.5998pt.

Overfull \hbox (71.13188pt too wide) in paragraph at lines 40--41
 [][] 
 []

) (./cap/cap5_Synt_Tim.tex [12 <./images/TB_ABSV_waves.jpg>]
Chapter 5.
<./images/RISC_area.png, id=73, 713.66624pt x 414.79968pt>
File: ./images/RISC_area.png Graphic file (type png)
<use ./images/RISC_area.png>
Package pdftex.def Info: ./images/RISC_area.png  used on input line 8.
(pdftex.def)             Requested size: 569.05511pt x 330.7642pt.

Overfull \hbox (128.0374pt too wide) in paragraph at lines 8--9
 [][] 
 []


LaTeX Warning: `!h' float specifier changed to `!ht'.

<./images/RISC_tim0.png, id=74, 469.755pt x 169.38281pt>
File: ./images/RISC_tim0.png Graphic file (type png)
<use ./images/RISC_tim0.png>
Package pdftex.def Info: ./images/RISC_tim0.png  used on input line 19.
(pdftex.def)             Requested size: 512.1496pt x 184.6701pt.

Overfull \hbox (71.13188pt too wide) in paragraph at lines 19--20
 [][] 
 []

<./images/RISC_tim1.png, id=75, 696.35156pt x 457.71pt>
File: ./images/RISC_tim1.png Graphic file (type png)
<use ./images/RISC_tim1.png>
Package pdftex.def Info: ./images/RISC_tim1.png  used on input line 25.
(pdftex.def)             Requested size: 569.05511pt x 374.05353pt.

Overfull \hbox (128.0374pt too wide) in paragraph at lines 25--26
 [][] 
 []

<./images/RISC_tim2.png, id=76, 584.93532pt x 423.08063pt>
File: ./images/RISC_tim2.png Graphic file (type png)
<use ./images/RISC_tim2.png>
Package pdftex.def Info: ./images/RISC_tim2.png  used on input line 31.
(pdftex.def)             Requested size: 569.05511pt x 411.63365pt.

Overfull \hbox (128.0374pt too wide) in paragraph at lines 31--32
 [][] 
 []

<./images/RISC_tim3.png, id=77, 468.24937pt x 310.15875pt>
File: ./images/RISC_tim3.png Graphic file (type png)
<use ./images/RISC_tim3.png>
Package pdftex.def Info: ./images/RISC_tim3.png  used on input line 37.
(pdftex.def)             Requested size: 512.1496pt x 339.2779pt.

Overfull \hbox (71.13188pt too wide) in paragraph at lines 37--38
 [][] 
 []

<./images/original_route.jpg, id=78, 528.47438pt x 514.92375pt>
File: ./images/original_route.jpg Graphic file (type jpg)
<use ./images/original_route.jpg>
Package pdftex.def Info: ./images/original_route.jpg  used on input line 43.
(pdftex.def)             Requested size: 512.1496pt x 499.04329pt.

Overfull \hbox (71.13188pt too wide) in paragraph at lines 43--44
 [][] 
 []

<./images/ABSV_route.jpg, id=79, 526.21594pt x 514.17094pt>
File: ./images/ABSV_route.jpg Graphic file (type jpg)
<use ./images/ABSV_route.jpg>
Package pdftex.def Info: ./images/ABSV_route.jpg  used on input line 49.
(pdftex.def)             Requested size: 512.1496pt x 500.44772pt.

Overfull \hbox (71.13188pt too wide) in paragraph at lines 49--50
 [][] 
 []

)

LaTeX Warning: `!h' float specifier changed to `!ht'.


LaTeX Warning: `!h' float specifier changed to `!ht'.


LaTeX Warning: `!h' float specifier changed to `!ht'.


LaTeX Warning: `!h' float specifier changed to `!ht'.


LaTeX Warning: `!h' float specifier changed to `!ht'.


LaTeX Warning: `!h' float specifier changed to `!ht'.

[13

] [14 <./images/RISC_area.png> <./images/RISC_tim0.png>] [15 <./images/RISC_tim
1.png>] [16 <./images/RISC_tim2.png>] [17 <./images/RISC_tim3.png>] [18 <./imag
es/original_route.jpg>] [19 <./images/ABSV_route.jpg>] (./Lab3_report.aux)

LaTeX Warning: There were multiply-defined labels.

 ) 
Here is how much of TeX's memory you used:
 4799 strings out of 492616
 65801 string characters out of 6129482
 330428 words of memory out of 5000000
 8602 multiletter control sequences out of 15000+600000
 8244 words of font info for 32 fonts, out of 8000000 for 9000
 1141 hyphenation exceptions out of 8191
 41i,10n,43p,455b,313s stack positions out of 5000i,500n,10000p,200000b,80000s
</usr/local/texlive/2019/texmf-dist/fonts/type1/public/amsfonts/cm/cmbx10.pfb
></usr/local/texlive/2019/texmf-dist/fonts/type1/public/amsfonts/cm/cmbx12.pfb>
</usr/local/texlive/2019/texmf-dist/fonts/type1/public/amsfonts/cm/cmmi10.pfb><
/usr/local/texlive/2019/texmf-dist/fonts/type1/public/amsfonts/cm/cmr10.pfb></u
sr/local/texlive/2019/texmf-dist/fonts/type1/public/amsfonts/cm/cmr12.pfb></usr
/local/texlive/2019/texmf-dist/fonts/type1/public/amsfonts/cm/cmr17.pfb></usr/l
ocal/texlive/2019/texmf-dist/fonts/type1/public/amsfonts/cm/cmss17.pfb></usr/lo
cal/texlive/2019/texmf-dist/fonts/type1/public/amsfonts/cm/cmsy10.pfb></usr/loc
al/texlive/2019/texmf-dist/fonts/type1/public/amsfonts/cm/cmtt10.pfb>
Output written on Lab3_report.pdf (21 pages, 1667208 bytes).
PDF statistics:
 137 PDF objects out of 1000 (max. 8388607)
 76 compressed objects within 1 object stream
 0 named destinations out of 1000 (max. 500000)
 86 words of extra memory for PDF output out of 10000 (max. 10000000)

